{"name": "Test dedicated servers prices", "status": "broken", "statusDetails": {"message": "selenium.common.exceptions.TimeoutException: Message: \nStacktrace:\n\tGetHandleVerifier [0x00007FF72F052142+3514994]\n\t(No symbol) [0x00007FF72EC70CE2]\n\t(No symbol) [0x00007FF72EB176AA]\n\t(No symbol) [0x00007FF72EB61860]\n\t(No symbol) [0x00007FF72EB6197C]\n\t(No symbol) [0x00007FF72EBA4EE7]\n\t(No symbol) [0x00007FF72EB8602F]\n\t(No symbol) [0x00007FF72EBA28F6]\n\t(No symbol) [0x00007FF72EB85D93]\n\t(No symbol) [0x00007FF72EB54BDC]\n\t(No symbol) [0x00007FF72EB55C64]\n\tGetHandleVerifier [0x00007FF72F07E16B+3695259]\n\tGetHandleVerifier [0x00007FF72F0D6737+4057191]\n\tGetHandleVerifier [0x00007FF72F0CE4E3+4023827]\n\tGetHandleVerifier [0x00007FF72EDA04F9+689705]\n\t(No symbol) [0x00007FF72EC7C048]\n\t(No symbol) [0x00007FF72EC78044]\n\t(No symbol) [0x00007FF72EC781C9]\n\t(No symbol) [0x00007FF72EC688C4]\n\tBaseThreadInitThunk [0x00007FFB04ED7344+20]\n\tRtlUserThreadStart [0x00007FFB06EC26B1+33]", "trace": "self = <tests.testApi.TestPage object at 0x0000024918F48470>, browser = <selenium.webdriver.chrome.webdriver.WebDriver (session=\"767bd74081e49241617eb7e5d87a03c2\")>, _min = 0\n_max = 0, _ser = 4, _cur = 2\n\n    @allure.title(\"Test dedicated servers prices\")\n    @allure.description(\"Check EUR and USD price\")\n    @pytest.mark.parametrize(\"_min, _max, _ser, _cur\", [(0, 0, DEDICATED, USD),\n                                                        (5, 5, DEDICATED, USD),\n                                                        (10, 10, DEDICATED, USD),\n                                                        (0, 0, DEDICATED, EUR),\n                                                        (5, 5, DEDICATED, EUR),\n                                                        (10, 10, DEDICATED, EUR),\n                                                        (0, 0, VIRTUAL, USD),\n                                                        (5, 5, VIRTUAL, USD),\n                                                        (10, 10, VIRTUAL, USD),\n                                                        (0, 0, VIRTUAL, EUR),\n                                                        (5, 5, VIRTUAL, EUR),\n                                                        (10, 10, VIRTUAL, EUR),\n                                                        ])\n    def test_dedicated_eur(self, browser, _min, _max, _ser, _cur):\n        self.main_page = MainPage(browser, self.URL)\n        self.main_page.open()\n        sleep(3)\n        if not self.cookies_accepted:\n            self.cookies_accepted = self.main_page.accept_cookies()\n        with allure.step('Prepare default values'):\n            self.main_page.switch_to_servers(self.DEDICATED)\n            self.current_currency = self.main_page.switch_to_currency(_cur)\n            MIN_VALUE, MAX_VALUE = self.main_page.save_default_values()\n        with allure.step('Check cards'):\n            self.main_page.change_min_value(MIN_VALUE + _min)\n            self.main_page.change_max_value(MAX_VALUE - _max)\n>           cards = self.main_page.watch_cards()\n\ntests\\testApi.py:124: \n_ _ _ _ _ _ _ _ _ _ _ _ _ _ _ _ _ _ _ _ _ _ _ _ _ _ _ _ _ _ _ _ _ _ _ _ _ _ _ _ _ _ _ _ _ _ _ _ _ _ _ _ _ _ _ _ _ _ _ _ _ _ _ _ _ _ _ _ _ _ _ _ _ _ _ _ _ _ _ _ _ _ _ _ _ _ _ _ _ _\npages\\main_page.py:150: in watch_cards\n    button = self.wait.until(EC.element_to_be_clickable(hosting.SHOW_MORE_LOCATOR))\n_ _ _ _ _ _ _ _ _ _ _ _ _ _ _ _ _ _ _ _ _ _ _ _ _ _ _ _ _ _ _ _ _ _ _ _ _ _ _ _ _ _ _ _ _ _ _ _ _ _ _ _ _ _ _ _ _ _ _ _ _ _ _ _ _ _ _ _ _ _ _ _ _ _ _ _ _ _ _ _ _ _ _ _ _ _ _ _ _ _\n\nself = <selenium.webdriver.support.wait.WebDriverWait (session=\"767bd74081e49241617eb7e5d87a03c2\")>\nmethod = <function element_to_be_clickable.<locals>._predicate at 0x0000024918FBA7A0>, message = ''\n\n    def until(self, method: Callable[[D], Union[Literal[False], T]], message: str = \"\") -> T:\n        \"\"\"Calls the method provided with the driver as an argument until the \\\n        return value does not evaluate to ``False``.\n    \n        :param method: callable(WebDriver)\n        :param message: optional message for :exc:`TimeoutException`\n        :returns: the result of the last call to `method`\n        :raises: :exc:`selenium.common.exceptions.TimeoutException` if timeout occurs\n        \"\"\"\n        screen = None\n        stacktrace = None\n    \n        end_time = time.monotonic() + self._timeout\n        while True:\n            try:\n                value = method(self._driver)\n                if value:\n                    return value\n            except self._ignored_exceptions as exc:\n                screen = getattr(exc, \"screen\", None)\n                stacktrace = getattr(exc, \"stacktrace\", None)\n            time.sleep(self._poll)\n            if time.monotonic() > end_time:\n                break\n>       raise TimeoutException(message, screen, stacktrace)\nE       selenium.common.exceptions.TimeoutException: Message: \nE       Stacktrace:\nE       \tGetHandleVerifier [0x00007FF72F052142+3514994]\nE       \t(No symbol) [0x00007FF72EC70CE2]\nE       \t(No symbol) [0x00007FF72EB176AA]\nE       \t(No symbol) [0x00007FF72EB61860]\nE       \t(No symbol) [0x00007FF72EB6197C]\nE       \t(No symbol) [0x00007FF72EBA4EE7]\nE       \t(No symbol) [0x00007FF72EB8602F]\nE       \t(No symbol) [0x00007FF72EBA28F6]\nE       \t(No symbol) [0x00007FF72EB85D93]\nE       \t(No symbol) [0x00007FF72EB54BDC]\nE       \t(No symbol) [0x00007FF72EB55C64]\nE       \tGetHandleVerifier [0x00007FF72F07E16B+3695259]\nE       \tGetHandleVerifier [0x00007FF72F0D6737+4057191]\nE       \tGetHandleVerifier [0x00007FF72F0CE4E3+4023827]\nE       \tGetHandleVerifier [0x00007FF72EDA04F9+689705]\nE       \t(No symbol) [0x00007FF72EC7C048]\nE       \t(No symbol) [0x00007FF72EC78044]\nE       \t(No symbol) [0x00007FF72EC781C9]\nE       \t(No symbol) [0x00007FF72EC688C4]\nE       \tBaseThreadInitThunk [0x00007FFB04ED7344+20]\nE       \tRtlUserThreadStart [0x00007FFB06EC26B1+33]\n\n.venv\\Lib\\site-packages\\selenium\\webdriver\\support\\wait.py:105: TimeoutException"}, "description": "Check EUR and USD price", "steps": [{"name": "Prepare default values", "status": "passed", "start": 1706842638584, "stop": 1706842639275}, {"name": "Check cards", "status": "broken", "statusDetails": {"message": "selenium.common.exceptions.TimeoutException: Message: \nStacktrace:\n\tGetHandleVerifier [0x00007FF72F052142+3514994]\n\t(No symbol) [0x00007FF72EC70CE2]\n\t(No symbol) [0x00007FF72EB176AA]\n\t(No symbol) [0x00007FF72EB61860]\n\t(No symbol) [0x00007FF72EB6197C]\n\t(No symbol) [0x00007FF72EBA4EE7]\n\t(No symbol) [0x00007FF72EB8602F]\n\t(No symbol) [0x00007FF72EBA28F6]\n\t(No symbol) [0x00007FF72EB85D93]\n\t(No symbol) [0x00007FF72EB54BDC]\n\t(No symbol) [0x00007FF72EB55C64]\n\tGetHandleVerifier [0x00007FF72F07E16B+3695259]\n\tGetHandleVerifier [0x00007FF72F0D6737+4057191]\n\tGetHandleVerifier [0x00007FF72F0CE4E3+4023827]\n\tGetHandleVerifier [0x00007FF72EDA04F9+689705]\n\t(No symbol) [0x00007FF72EC7C048]\n\t(No symbol) [0x00007FF72EC78044]\n\t(No symbol) [0x00007FF72EC781C9]\n\t(No symbol) [0x00007FF72EC688C4]\n\tBaseThreadInitThunk [0x00007FFB04ED7344+20]\n\tRtlUserThreadStart [0x00007FFB06EC26B1+33]\n\n", "trace": "  File \"D:\\PyProjects\\exam\\qaa_project_gcore\\pythonProject1\\tests\\testApi.py\", line 124, in test_dedicated_eur\n    cards = self.main_page.watch_cards()\n            ^^^^^^^^^^^^^^^^^^^^^^^^^^^^\n  File \"D:\\PyProjects\\exam\\qaa_project_gcore\\pythonProject1\\pages\\main_page.py\", line 150, in watch_cards\n    button = self.wait.until(EC.element_to_be_clickable(hosting.SHOW_MORE_LOCATOR))\n             ^^^^^^^^^^^^^^^^^^^^^^^^^^^^^^^^^^^^^^^^^^^^^^^^^^^^^^^^^^^^^^^^^^^^^^\n  File \"D:\\PyProjects\\exam\\qaa_project_gcore\\pythonProject1\\.venv\\Lib\\site-packages\\selenium\\webdriver\\support\\wait.py\", line 105, in until\n    raise TimeoutException(message, screen, stacktrace)\n"}, "start": 1706842639275, "stop": 1706842649718}], "attachments": [{"name": "stdout", "source": "2c135377-86b6-4851-a890-2ffe7b14269b-attachment.txt", "type": "text/plain"}], "parameters": [{"name": "_min", "value": "0"}, {"name": "_max", "value": "0"}, {"name": "_ser", "value": "4"}, {"name": "_cur", "value": "2"}], "start": 1706842615109, "stop": 1706842649719, "uuid": "f69a9974-eefe-4c15-9256-2da03f433216", "historyId": "9d0f73ef394b467c436214e041bf9a41", "testCaseId": "e871afabfb24d25987a3ad08b7675445", "fullName": "tests.testApi.TestPage#test_dedicated_eur", "labels": [{"name": "parentSuite", "value": "tests"}, {"name": "suite", "value": "testApi"}, {"name": "subSuite", "value": "TestPage"}, {"name": "host", "value": "DESKTOP-Q0K3D1C"}, {"name": "thread", "value": "24540-MainThread"}, {"name": "framework", "value": "pytest"}, {"name": "language", "value": "cpython3"}, {"name": "package", "value": "tests.testApi"}]}